2023-12-11 18:34:32.745 [main] INFO  c.t.a.s.u.UserServiceTest logStarting - Starting UserServiceTest using Java 17.0.9 with PID 23532 (started by Thinkpad in F:\Git-repository\appdemo-be\service)
2023-12-11 18:34:32.839 [main] DEBUG c.t.a.s.u.UserServiceTest logStarting - Running with Spring Boot v3.0.5, Spring v6.0.7
2023-12-11 18:34:32.843 [main] INFO  c.t.a.s.u.UserServiceTest logStartupProfileInfo - The following 1 profile is active: "dev"
2023-12-11 18:34:35.845 [main] INFO  o.s.d.r.c.RepositoryConfigurationDelegate multipleStoresDetected - Multiple Spring Data modules found, entering strict repository configuration mode
2023-12-11 18:34:35.856 [main] INFO  o.s.d.r.c.RepositoryConfigurationDelegate registerRepositoriesIn - Bootstrapping Spring Data Redis repositories in DEFAULT mode.
2023-12-11 18:34:35.968 [main] INFO  o.s.d.r.c.RepositoryConfigurationDelegate registerRepositoriesIn - Finished Spring Data repository scanning in 53 ms. Found 0 Redis repository interfaces.
2023-12-11 18:34:37.503 [main] WARN  c.t.a.c.c.i18nConfig messageSource - messageSource baseName: classpath:i18n/message
2023-12-11 18:34:42.860 [main] INFO  c.t.a.s.u.UserServiceTest logStarted - Started UserServiceTest in 11.857 seconds (process running for 17.712)
2023-12-11 18:34:45.342 [main] INFO  c.z.h.HikariDataSource getConnection - HikariPool-1 - Starting...
2023-12-11 18:34:46.262 [main] INFO  c.z.h.p.HikariPool checkFailFast - HikariPool-1 - Added connection com.mysql.cj.jdbc.ConnectionImpl@2ec156fb
2023-12-11 18:34:46.271 [main] INFO  c.z.h.HikariDataSource getConnection - HikariPool-1 - Start completed.
2023-12-11 18:34:49.328 [SpringApplicationShutdownHook] INFO  c.z.h.HikariDataSource close - HikariPool-1 - Shutdown initiated...
2023-12-11 18:34:49.378 [SpringApplicationShutdownHook] INFO  c.z.h.HikariDataSource close - HikariPool-1 - Shutdown completed.
2023-12-11 18:37:51.093 [main] INFO  c.t.a.s.u.UserServiceTest logStarting - Starting UserServiceTest using Java 17.0.9 with PID 20004 (started by Thinkpad in F:\Git-repository\appdemo-be\service)
2023-12-11 18:37:51.128 [main] DEBUG c.t.a.s.u.UserServiceTest logStarting - Running with Spring Boot v3.0.5, Spring v6.0.7
2023-12-11 18:37:51.132 [main] INFO  c.t.a.s.u.UserServiceTest logStartupProfileInfo - The following 1 profile is active: "dev"
2023-12-11 18:37:53.816 [main] INFO  o.s.d.r.c.RepositoryConfigurationDelegate multipleStoresDetected - Multiple Spring Data modules found, entering strict repository configuration mode
2023-12-11 18:37:53.829 [main] INFO  o.s.d.r.c.RepositoryConfigurationDelegate registerRepositoriesIn - Bootstrapping Spring Data Redis repositories in DEFAULT mode.
2023-12-11 18:37:53.933 [main] INFO  o.s.d.r.c.RepositoryConfigurationDelegate registerRepositoriesIn - Finished Spring Data repository scanning in 43 ms. Found 0 Redis repository interfaces.
2023-12-11 18:37:55.319 [main] WARN  c.t.a.c.c.i18nConfig messageSource - messageSource baseName: classpath:i18n/message
2023-12-11 18:37:59.975 [main] INFO  c.t.a.s.u.UserServiceTest logStarted - Started UserServiceTest in 10.42 seconds (process running for 15.631)
2023-12-11 18:38:02.143 [main] INFO  c.z.h.HikariDataSource getConnection - HikariPool-1 - Starting...
2023-12-11 18:38:02.813 [main] INFO  c.z.h.p.HikariPool checkFailFast - HikariPool-1 - Added connection com.mysql.cj.jdbc.ConnectionImpl@1f4cb17b
2023-12-11 18:38:02.823 [main] INFO  c.z.h.HikariDataSource getConnection - HikariPool-1 - Start completed.
2023-12-11 18:38:05.541 [main] INFO  c.t.a.s.u.UserServiceTest login - user token:dfadef49ae9e4856b0dc56e6e63e847b
2023-12-11 18:38:05.761 [SpringApplicationShutdownHook] INFO  c.z.h.HikariDataSource close - HikariPool-1 - Shutdown initiated...
2023-12-11 18:38:05.827 [SpringApplicationShutdownHook] INFO  c.z.h.HikariDataSource close - HikariPool-1 - Shutdown completed.
2023-12-11 18:39:06.636 [main] INFO  c.t.a.s.u.UserServiceTest logStarting - Starting UserServiceTest using Java 17.0.9 with PID 18492 (started by Thinkpad in F:\Git-repository\appdemo-be\service)
2023-12-11 18:39:06.688 [main] DEBUG c.t.a.s.u.UserServiceTest logStarting - Running with Spring Boot v3.0.5, Spring v6.0.7
2023-12-11 18:39:06.696 [main] INFO  c.t.a.s.u.UserServiceTest logStartupProfileInfo - The following 1 profile is active: "dev"
2023-12-11 18:39:09.652 [main] INFO  o.s.d.r.c.RepositoryConfigurationDelegate multipleStoresDetected - Multiple Spring Data modules found, entering strict repository configuration mode
2023-12-11 18:39:09.667 [main] INFO  o.s.d.r.c.RepositoryConfigurationDelegate registerRepositoriesIn - Bootstrapping Spring Data Redis repositories in DEFAULT mode.
2023-12-11 18:39:09.836 [main] INFO  o.s.d.r.c.RepositoryConfigurationDelegate registerRepositoriesIn - Finished Spring Data repository scanning in 81 ms. Found 0 Redis repository interfaces.
2023-12-11 18:39:11.642 [main] WARN  c.t.a.c.c.i18nConfig messageSource - messageSource baseName: classpath:i18n/message
2023-12-11 18:39:17.167 [main] INFO  c.t.a.s.u.UserServiceTest logStarted - Started UserServiceTest in 12.074 seconds (process running for 17.526)
2023-12-11 18:40:51.403 [main] INFO  c.t.a.s.u.UserServiceTest logStarting - Starting UserServiceTest using Java 17.0.9 with PID 2132 (started by Thinkpad in F:\Git-repository\appdemo-be\service)
2023-12-11 18:40:51.445 [main] DEBUG c.t.a.s.u.UserServiceTest logStarting - Running with Spring Boot v3.0.5, Spring v6.0.7
2023-12-11 18:40:51.452 [main] INFO  c.t.a.s.u.UserServiceTest logStartupProfileInfo - The following 1 profile is active: "dev"
2023-12-11 18:40:54.361 [main] INFO  o.s.d.r.c.RepositoryConfigurationDelegate multipleStoresDetected - Multiple Spring Data modules found, entering strict repository configuration mode
2023-12-11 18:40:54.380 [main] INFO  o.s.d.r.c.RepositoryConfigurationDelegate registerRepositoriesIn - Bootstrapping Spring Data Redis repositories in DEFAULT mode.
2023-12-11 18:40:54.513 [main] INFO  o.s.d.r.c.RepositoryConfigurationDelegate registerRepositoriesIn - Finished Spring Data repository scanning in 43 ms. Found 0 Redis repository interfaces.
2023-12-11 18:40:55.901 [main] WARN  c.t.a.c.c.i18nConfig messageSource - messageSource baseName: classpath:i18n/message
2023-12-11 18:41:00.788 [main] INFO  c.t.a.s.u.UserServiceTest logStarted - Started UserServiceTest in 10.866 seconds (process running for 15.862)
2023-12-11 18:41:58.206 [main] INFO  c.t.a.s.u.UserServiceTest logStarting - Starting UserServiceTest using Java 17.0.9 with PID 5604 (started by Thinkpad in F:\Git-repository\appdemo-be\service)
2023-12-11 18:41:58.247 [main] DEBUG c.t.a.s.u.UserServiceTest logStarting - Running with Spring Boot v3.0.5, Spring v6.0.7
2023-12-11 18:41:58.255 [main] INFO  c.t.a.s.u.UserServiceTest logStartupProfileInfo - The following 1 profile is active: "dev"
2023-12-11 18:42:01.230 [main] INFO  o.s.d.r.c.RepositoryConfigurationDelegate multipleStoresDetected - Multiple Spring Data modules found, entering strict repository configuration mode
2023-12-11 18:42:01.248 [main] INFO  o.s.d.r.c.RepositoryConfigurationDelegate registerRepositoriesIn - Bootstrapping Spring Data Redis repositories in DEFAULT mode.
2023-12-11 18:42:01.399 [main] INFO  o.s.d.r.c.RepositoryConfigurationDelegate registerRepositoriesIn - Finished Spring Data repository scanning in 58 ms. Found 0 Redis repository interfaces.
2023-12-11 18:42:02.945 [main] WARN  c.t.a.c.c.i18nConfig messageSource - messageSource baseName: classpath:i18n/message
2023-12-11 18:42:08.037 [main] INFO  c.t.a.s.u.UserServiceTest logStarted - Started UserServiceTest in 11.502 seconds (process running for 16.53)
2023-12-11 18:45:30.707 [main] INFO  c.t.a.s.u.UserServiceTest logStarting - Starting UserServiceTest using Java 17.0.9 with PID 10292 (started by Thinkpad in F:\Git-repository\appdemo-be\service)
2023-12-11 18:45:30.745 [main] DEBUG c.t.a.s.u.UserServiceTest logStarting - Running with Spring Boot v3.0.5, Spring v6.0.7
2023-12-11 18:45:30.750 [main] INFO  c.t.a.s.u.UserServiceTest logStartupProfileInfo - The following 1 profile is active: "dev"
2023-12-11 18:45:33.615 [main] INFO  o.s.d.r.c.RepositoryConfigurationDelegate multipleStoresDetected - Multiple Spring Data modules found, entering strict repository configuration mode
2023-12-11 18:45:33.631 [main] INFO  o.s.d.r.c.RepositoryConfigurationDelegate registerRepositoriesIn - Bootstrapping Spring Data Redis repositories in DEFAULT mode.
2023-12-11 18:45:33.737 [main] INFO  o.s.d.r.c.RepositoryConfigurationDelegate registerRepositoriesIn - Finished Spring Data repository scanning in 40 ms. Found 0 Redis repository interfaces.
2023-12-11 18:45:35.265 [main] WARN  c.t.a.c.c.i18nConfig messageSource - messageSource baseName: classpath:i18n/message
2023-12-11 18:45:40.100 [main] INFO  c.t.a.s.u.UserServiceTest logStarted - Started UserServiceTest in 10.906 seconds (process running for 16.21)
2023-12-11 18:46:30.596 [main] INFO  c.t.a.s.u.UserServiceTest logStarting - Starting UserServiceTest using Java 17.0.9 with PID 22460 (started by Thinkpad in F:\Git-repository\appdemo-be\service)
2023-12-11 18:46:30.633 [main] DEBUG c.t.a.s.u.UserServiceTest logStarting - Running with Spring Boot v3.0.5, Spring v6.0.7
2023-12-11 18:46:30.640 [main] INFO  c.t.a.s.u.UserServiceTest logStartupProfileInfo - The following 1 profile is active: "dev"
2023-12-11 18:46:33.522 [main] INFO  o.s.d.r.c.RepositoryConfigurationDelegate multipleStoresDetected - Multiple Spring Data modules found, entering strict repository configuration mode
2023-12-11 18:46:33.538 [main] INFO  o.s.d.r.c.RepositoryConfigurationDelegate registerRepositoriesIn - Bootstrapping Spring Data Redis repositories in DEFAULT mode.
2023-12-11 18:46:33.665 [main] INFO  o.s.d.r.c.RepositoryConfigurationDelegate registerRepositoriesIn - Finished Spring Data repository scanning in 53 ms. Found 0 Redis repository interfaces.
2023-12-11 18:46:35.141 [main] WARN  c.t.a.c.c.i18nConfig messageSource - messageSource baseName: classpath:i18n/message
2023-12-11 18:46:39.532 [main] INFO  c.t.a.s.u.UserServiceTest logStarted - Started UserServiceTest in 10.4 seconds (process running for 15.492)
2023-12-11 18:48:19.908 [main] INFO  c.t.a.s.u.UserServiceTest logStarting - Starting UserServiceTest using Java 17.0.9 with PID 5508 (started by Thinkpad in F:\Git-repository\appdemo-be\service)
2023-12-11 18:48:19.946 [main] DEBUG c.t.a.s.u.UserServiceTest logStarting - Running with Spring Boot v3.0.5, Spring v6.0.7
2023-12-11 18:48:19.954 [main] INFO  c.t.a.s.u.UserServiceTest logStartupProfileInfo - The following 1 profile is active: "dev"
2023-12-11 18:48:22.776 [main] INFO  o.s.d.r.c.RepositoryConfigurationDelegate multipleStoresDetected - Multiple Spring Data modules found, entering strict repository configuration mode
2023-12-11 18:48:22.787 [main] INFO  o.s.d.r.c.RepositoryConfigurationDelegate registerRepositoriesIn - Bootstrapping Spring Data Redis repositories in DEFAULT mode.
2023-12-11 18:48:22.925 [main] INFO  o.s.d.r.c.RepositoryConfigurationDelegate registerRepositoriesIn - Finished Spring Data repository scanning in 56 ms. Found 0 Redis repository interfaces.
2023-12-11 18:48:24.315 [main] WARN  c.t.a.c.c.i18nConfig messageSource - messageSource baseName: classpath:i18n/message
2023-12-11 18:48:28.747 [main] INFO  c.t.a.s.u.UserServiceTest logStarted - Started UserServiceTest in 10.278 seconds (process running for 15.378)
2023-12-11 18:49:09.051 [main] INFO  c.t.a.s.u.UserServiceTest logStarting - Starting UserServiceTest using Java 17.0.9 with PID 17304 (started by Thinkpad in F:\Git-repository\appdemo-be\service)
2023-12-11 18:49:09.080 [main] DEBUG c.t.a.s.u.UserServiceTest logStarting - Running with Spring Boot v3.0.5, Spring v6.0.7
2023-12-11 18:49:09.086 [main] INFO  c.t.a.s.u.UserServiceTest logStartupProfileInfo - The following 1 profile is active: "dev"
2023-12-11 18:49:11.645 [main] INFO  o.s.d.r.c.RepositoryConfigurationDelegate multipleStoresDetected - Multiple Spring Data modules found, entering strict repository configuration mode
2023-12-11 18:49:11.658 [main] INFO  o.s.d.r.c.RepositoryConfigurationDelegate registerRepositoriesIn - Bootstrapping Spring Data Redis repositories in DEFAULT mode.
2023-12-11 18:49:11.781 [main] INFO  o.s.d.r.c.RepositoryConfigurationDelegate registerRepositoriesIn - Finished Spring Data repository scanning in 56 ms. Found 0 Redis repository interfaces.
2023-12-11 18:49:13.305 [main] WARN  c.t.a.c.c.i18nConfig messageSource - messageSource baseName: classpath:i18n/message
2023-12-11 18:49:18.230 [main] INFO  c.t.a.s.u.UserServiceTest logStarted - Started UserServiceTest in 10.604 seconds (process running for 16.26)
